<?xml version="1.0" encoding="UTF-8"?>
<!-- Generated by org.testng.reporters.JUnitXMLReporter -->
<testsuite ignored="0" hostname="OLL-32605" failures="3" tests="7" name="Chrome Test" time="58.196" errors="0" timestamp="2026-02-26T14:28:44 IST">
  <testcase classname="testCases.TC001_AccountRegistrationTest" name="verify_account_registration" time="2.204"/>
  <testcase classname="testCases.TC002_LoginTest" name="verify_login" time="1.453"/>
  <testcase classname="testCases.TC003_LoginDDT" name="verify_LoginDDT" time="5.039"/>
  <testcase classname="testCases.TC003_LoginDDT" name="verify_LoginDDT" time="12.018">
    <failure type="java.lang.AssertionError" message="null">
      <![CDATA[java.lang.AssertionError: null
at testCases.TC003_LoginDDT.verify_LoginDDT(TC003_LoginDDT.java:72)
at java.base/java.util.ArrayList.forEach(ArrayList.java:1596)
at java.base/java.util.concurrent.FutureTask.run(FutureTask.java:317)
at java.base/java.util.concurrent.ThreadPoolExecutor.runWorker(ThreadPoolExecutor.java:1144)
at java.base/java.util.concurrent.ThreadPoolExecutor$Worker.run(ThreadPoolExecutor.java:642)
at java.base/java.lang.Thread.run(Thread.java:1583)
... Removed 17 stack frames]]>
    </failure>
  </testcase> <!-- verify_LoginDDT -->
  <testcase classname="testCases.TC003_LoginDDT" name="verify_LoginDDT" time="11.297">
    <failure type="java.lang.AssertionError" message="expected [true] but found [false]">
      <![CDATA[java.lang.AssertionError: expected [true] but found [false]
at testCases.TC003_LoginDDT.verify_LoginDDT(TC003_LoginDDT.java:54)
at java.base/java.util.ArrayList.forEach(ArrayList.java:1596)
at java.base/java.util.concurrent.FutureTask.run(FutureTask.java:317)
at java.base/java.util.concurrent.ThreadPoolExecutor.runWorker(ThreadPoolExecutor.java:1144)
at java.base/java.util.concurrent.ThreadPoolExecutor$Worker.run(ThreadPoolExecutor.java:642)
at java.base/java.lang.Thread.run(Thread.java:1583)
... Removed 19 stack frames]]>
    </failure>
  </testcase> <!-- verify_LoginDDT -->
  <testcase classname="testCases.TC003_LoginDDT" name="verify_LoginDDT" time="10.567">
    <failure type="java.lang.AssertionError" message="expected [true] but found [false]">
      <![CDATA[java.lang.AssertionError: expected [true] but found [false]
at testCases.TC003_LoginDDT.verify_LoginDDT(TC003_LoginDDT.java:54)
at java.base/java.util.ArrayList.forEach(ArrayList.java:1596)
at java.base/java.util.concurrent.FutureTask.run(FutureTask.java:317)
at java.base/java.util.concurrent.ThreadPoolExecutor.runWorker(ThreadPoolExecutor.java:1144)
at java.base/java.util.concurrent.ThreadPoolExecutor$Worker.run(ThreadPoolExecutor.java:642)
at java.base/java.lang.Thread.run(Thread.java:1583)
... Removed 19 stack frames]]>
    </failure>
  </testcase> <!-- verify_LoginDDT -->
  <testcase classname="testCases.TC003_LoginDDT" name="verify_LoginDDT" time="4.897"/>
</testsuite> <!-- Chrome Test -->
