<?xml version="1.0" encoding="UTF-8"?>
<!-- Generated by org.testng.reporters.JUnitXMLReporter -->
<testsuite ignored="1" hostname="OLL-32605" failures="0" tests="2" name="OpenCart Tests" time="13.115" errors="0" timestamp="2026-02-26T16:27:54 IST">
  <testcase classname="testCases.TC001_AccountRegistrationTest" name="verify_account_registration" time="3.56"/>
  <testcase classname="testCases.TC002_LoginTest" name="verify_login" time="2.34"/>
  <testcase classname="testCases.TC003_LoginDDT" name="verify_LoginDDT" time="0.0">
    <ignored/>
  </testcase> <!-- verify_LoginDDT -->
</testsuite> <!-- OpenCart Tests -->
